<?xml version="1.0" encoding="UTF-8"?>
<!-- Generated by org.testng.reporters.JUnitReportReporter -->
<testsuite hostname="DESKTOP-K3RTBTI" failures="0" tests="1" name="Sample.Demo" time="0.035" errors="0" timestamp="2023-08-08T15:08:39 IST" skipped="0">
  <testcase classname="Sample.Demo" name="sample" time="0.035"/>
  <system-out/>
</testsuite> <!-- Sample.Demo -->
